2025-05-13 23:20:29 | INFO     | __main__:__init__:34 - Bot initialized
2025-05-13 23:20:31 | INFO     | services.firebase_service:initialize:30 - Firebase connection established
2025-05-13 23:20:31 | INFO     | services.firebase_service:__init__:22 - Firebase service initialized
2025-05-13 23:20:31 | INFO     | cogs.dsm:__init__:145 - DSM cog initialized
2025-05-13 23:20:32 | INFO     | __main__:setup_hook:42 - Cogs loaded
2025-05-13 23:20:35 | INFO     | cogs.dsm:before_daily_standup:515 - Daily standup task started
2025-05-13 23:20:35 | INFO     | __main__:on_ready:46 - Logged in as E-Konsulta Internals
2025-05-13 23:20:36 | INFO     | services.firebase_service:load_tasks:116 - Loaded tasks from Firebase
2025-05-13 23:20:36 | INFO     | services.firebase_service:load_dsm_messages:202 - Loaded DSM messages from Firebase
2025-05-13 23:20:36 | INFO     | cogs.dsm:on_ready:177 - Tasks and DSM messages loaded from Firebase
2025-05-13 23:20:39 | INFO     | cogs.dsm:simulate_dsm:777 - Manually created standup thread: DAILY STANDUP MEETING - 2025-05-13
2025-05-13 23:20:40 | INFO     | services.firebase_service:save_dsm_session:130 - Saved DSM session for guild 1365369294623608882
2025-05-13 23:20:40 | INFO     | cogs.dsm:simulate_dsm:805 - Sent opening message to thread
2025-05-13 23:20:40 | INFO     | services.firebase_service:load_tasks:116 - Loaded tasks from Firebase
2025-05-13 23:20:41 | INFO     | services.firebase_service:save_dsm_messages:177 - Saved DSM messages to Firebase
2025-05-13 23:20:41 | INFO     | cogs.dsm:send_initial_task_embeds:323 - Sent initial task embeds in thread DAILY STANDUP MEETING - 2025-05-13
2025-05-13 23:20:55 | INFO     | cogs.dsm:_add_task:551 - [DEBUG] Starting task addition for user 1048212846720327681 (pataponz)
2025-05-13 23:20:55 | INFO     | cogs.dsm:_add_task:559 - [DEBUG] Generated task ID: rxepqa
2025-05-13 23:20:55 | INFO     | cogs.dsm:_add_task:564 - [DEBUG] Added task to user's task list
2025-05-13 23:20:55 | DEBUG    | services.firebase_service:save_user:59 - Saved user data for pataponz
2025-05-13 23:20:55 | INFO     | cogs.dsm:_add_task:577 - [DEBUG] Updated user data in Firebase
2025-05-13 23:20:55 | INFO     | services.firebase_service:save_tasks:95 - Saved tasks to Firebase
2025-05-13 23:20:55 | INFO     | cogs.dsm:_add_task:581 - [DEBUG] Saved tasks to Firebase
2025-05-13 23:20:55 | INFO     | cogs.dsm:_add_task:587 - [DEBUG] Searching for DSM thread for date 2025-05-13
2025-05-13 23:20:55 | INFO     | cogs.dsm:_add_task:599 - [DEBUG] Found active thread: 1371850944140017698
2025-05-13 23:20:55 | INFO     | cogs.dsm:_add_task:604 - [DEBUG] Updating message in thread 1371850944140017698
2025-05-13 23:20:55 | INFO     | cogs.dsm:update_task_message:893 - [DEBUG] Starting update_task_message for channel 1371850944140017698
2025-05-13 23:20:55 | INFO     | cogs.dsm:update_task_message:916 - [DEBUG] Updating for specific user 1048212846720327681
2025-05-13 23:20:55 | INFO     | cogs.dsm:update_task_message:928 - [DEBUG] Found 24 tasks for user
2025-05-13 23:20:55 | INFO     | cogs.dsm:update_task_message:949 - [DEBUG] Generated control number: N4LQ4N
2025-05-13 23:20:55 | INFO     | cogs.dsm:update_task_message:993 - [DEBUG] Target channel: 1371850944140017698
2025-05-13 23:20:55 | INFO     | cogs.dsm:update_task_message:1000 - [DEBUG] Found stored message ID: 1371869770185441421
2025-05-13 23:20:56 | WARNING  | cogs.dsm:update_task_message:1005 - [DEBUG] Could not find message 1371869770185441421: 404 Not Found (error code: 10008): Unknown Message
2025-05-13 23:20:56 | INFO     | cogs.dsm:update_task_message:1009 - [DEBUG] Searching channel history for message
2025-05-13 23:20:56 | INFO     | cogs.dsm:update_task_message:1013 - [DEBUG] Found message in history: 1371869056105185363
2025-05-13 23:20:56 | INFO     | services.firebase_service:save_dsm_messages:177 - Saved DSM messages to Firebase
2025-05-13 23:20:56 | INFO     | cogs.dsm:update_task_message:1021 - [DEBUG] Successfully updated message 1371869056105185363
2025-05-13 23:20:56 | INFO     | cogs.dsm:_add_task:610 - [DEBUG] Task addition completed for pataponz
2025-05-13 23:24:24 | INFO     | cogs.dsm:cog_unload:170 - DSM cog unloaded
