2025-05-14 00:50:09 | INFO     | __main__:__init__:34 - Bot initialized
2025-05-14 00:50:11 | INFO     | services.firebase_service:initialize:30 - Firebase connection established
2025-05-14 00:50:11 | INFO     | services.firebase_service:__init__:22 - Firebase service initialized
2025-05-14 00:50:11 | INFO     | cogs.dsm:__init__:287 - DSM cog initialized
2025-05-14 00:50:11 | INFO     | __main__:setup_hook:42 - Cogs loaded
2025-05-14 00:50:13 | INFO     | cogs.dsm:simulate_dsm:1074 - [COMMAND] /simulate_dsm used by pataponz (1048212846720327681) in stimmie's server (1365369294623608882)
2025-05-14 00:50:14 | INFO     | cogs.dsm:before_daily_standup:842 - Daily standup task started
2025-05-14 00:50:14 | INFO     | __main__:on_ready:46 - Logged in as E-Konsulta Internals
2025-05-14 00:50:14 | INFO     | cogs.dsm:simulate_dsm:1112 - [COMMAND] Created DSM thread: DAILY STANDUP MEETING - 2025-05-14 (1371892307506495682)
2025-05-14 00:50:15 | INFO     | services.firebase_service:load_tasks:116 - Loaded tasks from Firebase
2025-05-14 00:50:15 | INFO     | services.firebase_service:load_dsm_messages:202 - Loaded DSM messages from Firebase
2025-05-14 00:50:15 | INFO     | cogs.dsm:on_ready:324 - Tasks and DSM messages loaded from Firebase
2025-05-14 00:50:15 | INFO     | services.firebase_service:save_dsm_session:130 - Saved DSM session for guild 1365369294623608882
2025-05-14 00:50:16 | INFO     | cogs.dsm:simulate_dsm:1140 - [COMMAND] Sent opening message to thread 1371892307506495682
2025-05-14 00:50:16 | INFO     | services.firebase_service:load_tasks:116 - Loaded tasks from Firebase
2025-05-14 00:50:16 | INFO     | cogs.dsm:send_initial_task_embeds:541 - [DEBUG] Created embeds with 10 completed and 35 pending tasks
2025-05-14 00:50:16 | INFO     | cogs.dsm:send_initial_task_embeds:545 - [DEBUG] Target channel: 1371892307506495682
2025-05-14 00:50:16 | INFO     | cogs.dsm:send_initial_task_embeds:552 - [DEBUG] Found stored message IDs: {'pending_msg_id': 1371891598530576444, 'completed_msg_id': 1371891596265521275}
2025-05-14 00:50:16 | INFO     | cogs.dsm:send_initial_task_embeds:570 - [DEBUG] Fetching messages from channel/thread: 1371892307506495682
2025-05-14 00:50:16 | INFO     | cogs.dsm:send_initial_task_embeds:575 - [DEBUG] Completed message 1371891596265521275 not found
2025-05-14 00:50:16 | INFO     | cogs.dsm:send_initial_task_embeds:594 - [DEBUG] Messages not found in target channel/thread
2025-05-14 00:50:16 | INFO     | cogs.dsm:send_initial_task_embeds:602 - [DEBUG] Searching target channel history for messages
2025-05-14 00:50:16 | INFO     | cogs.dsm:send_initial_task_embeds:603 - [DEBUG] Searching in channel/thread: 1371892307506495682
2025-05-14 00:50:17 | INFO     | cogs.dsm:send_initial_task_embeds:609 - [DEBUG] Found message with embeds: 1371892314292883537
2025-05-14 00:50:18 | ERROR    | cogs.dsm:send_initial_task_embeds:653 - Error sending initial task embeds: name 'channel' is not defined
2025-05-14 00:50:18 | ERROR    | cogs.dsm:simulate_dsm:1152 - [COMMAND] Error in simulate_dsm: name 'channel' is not defined
2025-05-14 00:50:33 | INFO     | cogs.dsm:dsm:1866 - [COMMAND] /dsm used by pataponz (1048212846720327681) in stimmie's server (1365369294623608882)
2025-05-14 00:50:34 | INFO     | cogs.dsm:update_task_message:1270 - [DEBUG] Starting update_task_message for channel 1371882451709857843
2025-05-14 00:50:34 | INFO     | cogs.dsm:update_task_message:1285 - [DEBUG] Updating for specific user 1048212846720327681
2025-05-14 00:50:34 | INFO     | cogs.dsm:update_task_message:1297 - [DEBUG] Found 45 tasks for user
2025-05-14 00:50:34 | INFO     | cogs.dsm:update_task_message:1301 - [DEBUG] Created embeds with 10 completed and 35 pending tasks
2025-05-14 00:50:34 | INFO     | cogs.dsm:update_task_message:1305 - [DEBUG] Target channel: 1371882451709857843
2025-05-14 00:50:34 | INFO     | cogs.dsm:update_task_message:1312 - [DEBUG] Found stored message IDs: {'pending_msg_id': 1371891598530576444, 'completed_msg_id': 1371891596265521275}
2025-05-14 00:50:34 | INFO     | cogs.dsm:update_task_message:1316 - [DEBUG] Fetching messages from channel/thread: 1371882451709857843
2025-05-14 00:50:35 | INFO     | cogs.dsm:update_task_message:1321 - [DEBUG] Completed message 1371891596265521275 not found
2025-05-14 00:50:35 | INFO     | cogs.dsm:update_task_message:1340 - [DEBUG] Messages not found in target channel/thread
2025-05-14 00:50:35 | INFO     | cogs.dsm:update_task_message:1348 - [DEBUG] Searching target channel history for messages
2025-05-14 00:50:35 | INFO     | cogs.dsm:update_task_message:1349 - [DEBUG] Searching in channel/thread: 1371882451709857843
2025-05-14 00:50:35 | INFO     | cogs.dsm:update_task_message:1352 - [DEBUG] Found message with embeds: 1371882465886732359
2025-05-14 00:50:35 | INFO     | cogs.dsm:update_task_message:1352 - [DEBUG] Found message with embeds: 1371882463869014158
2025-05-14 00:50:35 | INFO     | cogs.dsm:update_task_message:1354 - [DEBUG] Found completed tasks message: 1371882463869014158
2025-05-14 00:50:36 | ERROR    | cogs.dsm:update_task_message:1365 - [DEBUG] Error fetching next message: 404 Not Found (error code: 10008): Unknown Message
2025-05-14 00:50:36 | INFO     | cogs.dsm:update_task_message:1352 - [DEBUG] Found message with embeds: 1371882456541696023
2025-05-14 00:50:48 | INFO     | cogs.dsm:_add_task:879 - [DEBUG] Starting task addition for user 1048212846720327681 (pataponz)
2025-05-14 00:50:48 | INFO     | cogs.dsm:_add_task:887 - [DEBUG] Generated task ID: 1lvh
2025-05-14 00:50:48 | INFO     | cogs.dsm:_add_task:896 - [DEBUG] Added task to user's task list
2025-05-14 00:50:48 | DEBUG    | services.firebase_service:save_user:59 - Saved user data for pataponz
2025-05-14 00:50:48 | INFO     | cogs.dsm:_add_task:909 - [DEBUG] Updated user data in Firebase
2025-05-14 00:50:48 | INFO     | services.firebase_service:save_tasks:95 - Saved tasks to Firebase
2025-05-14 00:50:48 | INFO     | cogs.dsm:_add_task:913 - [DEBUG] Saved tasks to Firebase
2025-05-14 00:50:48 | INFO     | cogs.dsm:_add_task:919 - [DEBUG] Searching for DSM thread for date 2025-05-14
2025-05-14 00:50:49 | INFO     | cogs.dsm:_add_task:931 - [DEBUG] Found active thread: 1371882451709857843
2025-05-14 00:50:49 | INFO     | cogs.dsm:_add_task:936 - [DEBUG] Updating messages in thread 1371882451709857843
2025-05-14 00:50:49 | INFO     | cogs.dsm:update_task_message:1270 - [DEBUG] Starting update_task_message for channel 1371882451709857843
2025-05-14 00:50:49 | INFO     | cogs.dsm:update_task_message:1285 - [DEBUG] Updating for specific user 1048212846720327681
2025-05-14 00:50:49 | INFO     | cogs.dsm:update_task_message:1297 - [DEBUG] Found 46 tasks for user
2025-05-14 00:50:49 | INFO     | cogs.dsm:update_task_message:1301 - [DEBUG] Created embeds with 10 completed and 36 pending tasks
2025-05-14 00:50:49 | INFO     | cogs.dsm:update_task_message:1305 - [DEBUG] Target channel: 1371882451709857843
2025-05-14 00:50:49 | INFO     | cogs.dsm:update_task_message:1312 - [DEBUG] Found stored message IDs: {'pending_msg_id': 1371891598530576444, 'completed_msg_id': 1371891596265521275}
2025-05-14 00:50:49 | INFO     | cogs.dsm:update_task_message:1316 - [DEBUG] Fetching messages from channel/thread: 1371882451709857843
2025-05-14 00:50:49 | INFO     | cogs.dsm:update_task_message:1321 - [DEBUG] Completed message 1371891596265521275 not found
2025-05-14 00:50:49 | INFO     | cogs.dsm:update_task_message:1340 - [DEBUG] Messages not found in target channel/thread
2025-05-14 00:50:49 | INFO     | cogs.dsm:update_task_message:1348 - [DEBUG] Searching target channel history for messages
2025-05-14 00:50:49 | INFO     | cogs.dsm:update_task_message:1349 - [DEBUG] Searching in channel/thread: 1371882451709857843
2025-05-14 00:50:49 | INFO     | cogs.dsm:update_task_message:1352 - [DEBUG] Found message with embeds: 1371882465886732359
2025-05-14 00:50:49 | INFO     | cogs.dsm:update_task_message:1352 - [DEBUG] Found message with embeds: 1371882463869014158
2025-05-14 00:50:49 | INFO     | cogs.dsm:update_task_message:1354 - [DEBUG] Found completed tasks message: 1371882463869014158
2025-05-14 00:50:50 | ERROR    | cogs.dsm:update_task_message:1365 - [DEBUG] Error fetching next message: 404 Not Found (error code: 10008): Unknown Message
2025-05-14 00:50:50 | INFO     | cogs.dsm:update_task_message:1352 - [DEBUG] Found message with embeds: 1371882456541696023
2025-05-14 00:50:50 | INFO     | cogs.dsm:_add_task:942 - [DEBUG] Task addition completed for pataponz
2025-05-14 00:55:19 | INFO     | cogs.dsm:cog_unload:317 - DSM cog unloaded
