2025-05-14 01:56:14 | INFO     | __main__:__init__:34 - Bot initialized
2025-05-14 01:56:18 | INFO     | services.firebase_service:initialize:30 - Firebase connection established
2025-05-14 01:56:18 | INFO     | services.firebase_service:__init__:22 - Firebase service initialized
2025-05-14 01:56:18 | INFO     | cogs.dsm:__init__:462 - DSM cog initialized
2025-05-14 01:56:18 | INFO     | __main__:setup_hook:42 - Cogs loaded
2025-05-14 01:56:21 | INFO     | cogs.dsm:before_daily_standup:1103 - Daily standup task started
2025-05-14 01:56:21 | INFO     | __main__:on_ready:46 - Logged in as E-Konsulta Internals
2025-05-14 01:56:22 | INFO     | services.firebase_service:load_tasks:116 - Loaded tasks from Firebase
2025-05-14 01:56:22 | INFO     | cogs.dsm:on_ready:500 - Tasks loaded from Firebase
2025-05-14 01:56:22 | INFO     | cogs.dsm:on_ready:507 - Loaded DSM messages for guild 1365369294623608882
2025-05-14 01:56:22 | INFO     | cogs.dsm:on_ready:509 - DSM messages loaded from config
2025-05-14 01:56:25 | INFO     | cogs.dsm:simulate_dsm:1335 - [COMMAND] /simulate_dsm used by pataponz (1048212846720327681) in stimmie's server (1365369294623608882)
2025-05-14 01:56:27 | INFO     | cogs.dsm:simulate_dsm:1373 - [COMMAND] Created DSM thread: DAILY STANDUP MEETING - 2025-05-14 (1371908968414314670)
2025-05-14 01:56:27 | INFO     | services.firebase_service:save_dsm_session:130 - Saved DSM session for guild 1365369294623608882
2025-05-14 01:56:27 | INFO     | cogs.dsm:simulate_dsm:1401 - [COMMAND] Sent opening message to thread 1371908968414314670
2025-05-14 01:56:27 | INFO     | services.firebase_service:update_config:123 - Updated config for guild 1365369294623608882
2025-05-14 01:56:27 | INFO     | cogs.dsm:simulate_dsm:1411 - [COMMAND] Updated latest DSM thread in config: 1371908968414314670
2025-05-14 01:56:27 | INFO     | cogs.dsm:simulate_dsm:1416 - [DEBUG] Sending initial task embeds for user 1048212846720327681
2025-05-14 01:56:27 | INFO     | cogs.dsm:create_task_embeds:803 - [DEBUG] Created 1 completed embeds and 2 pending embeds
2025-05-14 01:56:27 | INFO     | cogs.dsm:send_initial_task_embeds:826 - [DEBUG] Created embeds with 12 completed and 50 pending tasks
2025-05-14 01:56:27 | INFO     | cogs.dsm:send_initial_task_embeds:830 - [DEBUG] Target channel: 1371908968414314670
2025-05-14 01:56:27 | INFO     | cogs.dsm:send_initial_task_embeds:834 - [DEBUG] Found stored message data: {'pending_messages': [1371908079448228000, 1371908081012707471], 'completed_messages': [1371908077888208947]}
2025-05-14 01:56:27 | INFO     | cogs.dsm:send_initial_task_embeds:842 - [DEBUG] Fetching messages from channel/thread: 1371908968414314670
2025-05-14 01:56:28 | INFO     | cogs.dsm:send_initial_task_embeds:850 - [DEBUG] Completed message 1371908077888208947 not found
2025-05-14 01:56:28 | INFO     | cogs.dsm:send_initial_task_embeds:859 - [DEBUG] Pending message 1371908079448228000 not found
2025-05-14 01:56:29 | INFO     | cogs.dsm:send_initial_task_embeds:859 - [DEBUG] Pending message 1371908081012707471 not found
2025-05-14 01:56:29 | INFO     | cogs.dsm:send_initial_task_embeds:866 - [DEBUG] Messages not found in target channel/thread
2025-05-14 01:56:29 | INFO     | cogs.dsm:send_initial_task_embeds:867 - [DEBUG] Searching target channel history for messages
2025-05-14 01:56:29 | INFO     | cogs.dsm:send_initial_task_embeds:868 - [DEBUG] Searching in channel/thread: 1371908968414314670
2025-05-14 01:56:29 | INFO     | cogs.dsm:send_initial_task_embeds:891 - [DEBUG] Sent new completed message: 1371908982285009047
2025-05-14 01:56:30 | INFO     | cogs.dsm:send_initial_task_embeds:903 - [DEBUG] Sent new pending message: 1371908983530586126
2025-05-14 01:56:30 | INFO     | cogs.dsm:send_initial_task_embeds:903 - [DEBUG] Sent new pending message: 1371908985648582871
2025-05-14 01:56:30 | INFO     | services.firebase_service:update_config:123 - Updated config for guild 1365369294623608882
2025-05-14 01:56:30 | INFO     | cogs.dsm:save_dsm_message:553 - [DEBUG] Saved DSM message data to config: {'completed_messages': [1371908982285009047], 'pending_messages': [1371908983530586126, 1371908985648582871]}
2025-05-14 01:56:30 | INFO     | cogs.dsm:send_initial_task_embeds:911 - [DEBUG] Saved message IDs: {'completed_messages': [1371908982285009047], 'pending_messages': [1371908983530586126, 1371908985648582871]}
2025-05-14 01:56:38 | INFO     | cogs.dsm:dsm:2079 - [COMMAND] /dsm used by pataponz (1048212846720327681) in stimmie's server (1365369294623608882)
2025-05-14 01:56:39 | INFO     | cogs.dsm:update_task_message:1571 - [DEBUG] Starting update_task_message for channel 1371882451709857843
2025-05-14 01:56:39 | INFO     | cogs.dsm:update_task_message:1586 - [DEBUG] Updating for specific user 1048212846720327681
2025-05-14 01:56:39 | INFO     | cogs.dsm:update_task_message:1602 - [DEBUG] Found 62 tasks for user
2025-05-14 01:56:39 | INFO     | cogs.dsm:create_task_embeds:803 - [DEBUG] Created 1 completed embeds and 2 pending embeds
2025-05-14 01:56:39 | INFO     | cogs.dsm:update_task_message:1606 - [DEBUG] Created embeds with 12 completed and 50 pending tasks
2025-05-14 01:56:39 | INFO     | cogs.dsm:update_task_message:1610 - [DEBUG] Target channel: 1371882451709857843
2025-05-14 01:56:39 | INFO     | cogs.dsm:update_task_message:1617 - [DEBUG] Found stored message IDs: {'pending_messages': [1371908983530586126, 1371908985648582871], 'completed_messages': [1371908982285009047]}
2025-05-14 01:56:39 | INFO     | cogs.dsm:update_task_message:1621 - [DEBUG] Fetching messages from channel/thread: 1371882451709857843
2025-05-14 01:56:40 | INFO     | cogs.dsm:update_task_message:1629 - [DEBUG] Completed message 1371908982285009047 not found
2025-05-14 01:56:40 | INFO     | cogs.dsm:update_task_message:1638 - [DEBUG] Pending message 1371908983530586126 not found
2025-05-14 01:56:41 | INFO     | cogs.dsm:update_task_message:1638 - [DEBUG] Pending message 1371908985648582871 not found
2025-05-14 01:56:41 | INFO     | cogs.dsm:update_task_message:1649 - [DEBUG] Searching target channel history for messages
2025-05-14 01:56:41 | INFO     | cogs.dsm:update_task_message:1650 - [DEBUG] Searching in channel/thread: 1371882451709857843
2025-05-14 01:56:41 | INFO     | cogs.dsm:update_task_message:1653 - [DEBUG] Found message with embeds: 1371908081012707471
2025-05-14 01:56:41 | INFO     | cogs.dsm:update_task_message:1658 - [DEBUG] Found pending tasks message: 1371908081012707471
2025-05-14 01:56:41 | INFO     | cogs.dsm:update_task_message:1653 - [DEBUG] Found message with embeds: 1371908079448228000
2025-05-14 01:56:41 | INFO     | cogs.dsm:update_task_message:1658 - [DEBUG] Found pending tasks message: 1371908079448228000
2025-05-14 01:56:41 | INFO     | cogs.dsm:update_task_message:1653 - [DEBUG] Found message with embeds: 1371908077888208947
2025-05-14 01:56:41 | INFO     | cogs.dsm:update_task_message:1655 - [DEBUG] Found completed tasks message: 1371908077888208947
2025-05-14 01:56:41 | INFO     | cogs.dsm:update_task_message:1653 - [DEBUG] Found message with embeds: 1371882456541696023
2025-05-14 01:56:41 | INFO     | cogs.dsm:update_task_message:1699 - [DEBUG] Updated completed message 1371908077888208947
2025-05-14 01:56:42 | INFO     | cogs.dsm:update_task_message:1711 - [DEBUG] Updated pending message 1371908079448228000
2025-05-14 01:56:43 | INFO     | cogs.dsm:update_task_message:1711 - [DEBUG] Updated pending message 1371908081012707471
2025-05-14 01:56:43 | INFO     | services.firebase_service:update_config:123 - Updated config for guild 1365369294623608882
2025-05-14 01:56:43 | INFO     | cogs.dsm:save_dsm_message:553 - [DEBUG] Saved DSM message data to config: {'completed_messages': [1371908077888208947], 'pending_messages': [1371908079448228000, 1371908081012707471]}
2025-05-14 01:56:43 | INFO     | cogs.dsm:update_task_message:1723 - [DEBUG] Saved message IDs: {'completed_messages': [1371908077888208947], 'pending_messages': [1371908079448228000, 1371908081012707471]}
2025-05-14 01:56:47 | INFO     | cogs.dsm:_add_task:1140 - [DEBUG] Starting task addition for user 1048212846720327681 (pataponz)
2025-05-14 01:56:47 | INFO     | cogs.dsm:_add_task:1148 - [DEBUG] Generated task ID: jszz
2025-05-14 01:56:47 | INFO     | cogs.dsm:_add_task:1157 - [DEBUG] Added task to user's task list
2025-05-14 01:56:47 | DEBUG    | services.firebase_service:save_user:59 - Saved user data for pataponz
2025-05-14 01:56:47 | INFO     | cogs.dsm:_add_task:1170 - [DEBUG] Updated user data in Firebase
2025-05-14 01:56:47 | INFO     | services.firebase_service:save_tasks:95 - Saved tasks to Firebase
2025-05-14 01:56:47 | INFO     | cogs.dsm:_add_task:1174 - [DEBUG] Saved tasks to Firebase
2025-05-14 01:56:47 | INFO     | cogs.dsm:_add_task:1180 - [DEBUG] Searching for DSM thread for date 2025-05-14
2025-05-14 01:56:48 | INFO     | cogs.dsm:_add_task:1192 - [DEBUG] Found active thread: 1371882451709857843
2025-05-14 01:56:48 | INFO     | cogs.dsm:_add_task:1197 - [DEBUG] Updating messages in thread 1371882451709857843
2025-05-14 01:56:48 | INFO     | cogs.dsm:update_task_message:1571 - [DEBUG] Starting update_task_message for channel 1371882451709857843
2025-05-14 01:56:48 | INFO     | cogs.dsm:update_task_message:1586 - [DEBUG] Updating for specific user 1048212846720327681
2025-05-14 01:56:48 | INFO     | cogs.dsm:update_task_message:1602 - [DEBUG] Found 63 tasks for user
2025-05-14 01:56:48 | INFO     | cogs.dsm:create_task_embeds:803 - [DEBUG] Created 1 completed embeds and 2 pending embeds
2025-05-14 01:56:48 | INFO     | cogs.dsm:update_task_message:1606 - [DEBUG] Created embeds with 12 completed and 51 pending tasks
2025-05-14 01:56:48 | INFO     | cogs.dsm:update_task_message:1610 - [DEBUG] Target channel: 1371882451709857843
2025-05-14 01:56:48 | INFO     | cogs.dsm:update_task_message:1617 - [DEBUG] Found stored message IDs: {'pending_messages': [1371908079448228000, 1371908081012707471], 'completed_messages': [1371908077888208947]}
2025-05-14 01:56:48 | INFO     | cogs.dsm:update_task_message:1621 - [DEBUG] Fetching messages from channel/thread: 1371882451709857843
2025-05-14 01:56:48 | INFO     | cogs.dsm:update_task_message:1627 - [DEBUG] Found completed message: 1371908077888208947
2025-05-14 01:56:48 | INFO     | cogs.dsm:update_task_message:1636 - [DEBUG] Found pending message: 1371908079448228000
2025-05-14 01:56:49 | INFO     | cogs.dsm:update_task_message:1636 - [DEBUG] Found pending message: 1371908081012707471
2025-05-14 01:56:49 | INFO     | cogs.dsm:update_task_message:1699 - [DEBUG] Updated completed message 1371908077888208947
2025-05-14 01:56:50 | INFO     | cogs.dsm:update_task_message:1711 - [DEBUG] Updated pending message 1371908079448228000
2025-05-14 01:56:50 | INFO     | cogs.dsm:update_task_message:1711 - [DEBUG] Updated pending message 1371908081012707471
2025-05-14 01:56:50 | INFO     | services.firebase_service:update_config:123 - Updated config for guild 1365369294623608882
2025-05-14 01:56:51 | INFO     | cogs.dsm:save_dsm_message:553 - [DEBUG] Saved DSM message data to config: {'completed_messages': [1371908077888208947], 'pending_messages': [1371908079448228000, 1371908081012707471]}
2025-05-14 01:56:51 | INFO     | cogs.dsm:update_task_message:1723 - [DEBUG] Saved message IDs: {'completed_messages': [1371908077888208947], 'pending_messages': [1371908079448228000, 1371908081012707471]}
2025-05-14 01:56:51 | INFO     | cogs.dsm:_add_task:1203 - [DEBUG] Task addition completed for pataponz
2025-05-14 01:57:15 | INFO     | cogs.dsm:refresh:382 - [DEBUG] Starting refresh for user 1048212846720327681 (pataponz)
2025-05-14 01:57:15 | INFO     | cogs.dsm:refresh:393 - [DEBUG] Searching for DSM thread for date 2025-05-14
2025-05-14 01:57:15 | INFO     | cogs.dsm:refresh:405 - [DEBUG] Found active thread: 1371882451709857843
2025-05-14 01:57:15 | INFO     | cogs.dsm:refresh:410 - [DEBUG] Deleting and resending messages in thread 1371882451709857843
2025-05-14 01:57:16 | INFO     | cogs.dsm:refresh:419 - [DEBUG] Deleted message 1371908077888208947
2025-05-14 01:57:17 | INFO     | cogs.dsm:refresh:419 - [DEBUG] Deleted message 1371908079448228000
2025-05-14 01:57:18 | INFO     | cogs.dsm:refresh:419 - [DEBUG] Deleted message 1371908081012707471
2025-05-14 01:57:18 | INFO     | cogs.dsm:create_task_embeds:803 - [DEBUG] Created 1 completed embeds and 2 pending embeds
2025-05-14 01:57:18 | INFO     | cogs.dsm:send_initial_task_embeds:826 - [DEBUG] Created embeds with 12 completed and 51 pending tasks
2025-05-14 01:57:18 | INFO     | cogs.dsm:send_initial_task_embeds:830 - [DEBUG] Target channel: 1371882451709857843
2025-05-14 01:57:18 | INFO     | cogs.dsm:send_initial_task_embeds:834 - [DEBUG] Found stored message data: {'pending_messages': [1371908079448228000, 1371908081012707471], 'completed_messages': [1371908077888208947]}
2025-05-14 01:57:18 | INFO     | cogs.dsm:send_initial_task_embeds:842 - [DEBUG] Fetching messages from channel/thread: 1371882451709857843
2025-05-14 01:57:18 | INFO     | cogs.dsm:send_initial_task_embeds:850 - [DEBUG] Completed message 1371908077888208947 not found
2025-05-14 01:57:19 | INFO     | cogs.dsm:send_initial_task_embeds:859 - [DEBUG] Pending message 1371908079448228000 not found
2025-05-14 01:57:19 | INFO     | cogs.dsm:send_initial_task_embeds:859 - [DEBUG] Pending message 1371908081012707471 not found
2025-05-14 01:57:19 | INFO     | cogs.dsm:send_initial_task_embeds:866 - [DEBUG] Messages not found in target channel/thread
2025-05-14 01:57:19 | INFO     | cogs.dsm:send_initial_task_embeds:867 - [DEBUG] Searching target channel history for messages
2025-05-14 01:57:19 | INFO     | cogs.dsm:send_initial_task_embeds:868 - [DEBUG] Searching in channel/thread: 1371882451709857843
2025-05-14 01:57:20 | INFO     | cogs.dsm:send_initial_task_embeds:891 - [DEBUG] Sent new completed message: 1371909194910928998
2025-05-14 01:57:21 | INFO     | cogs.dsm:send_initial_task_embeds:903 - [DEBUG] Sent new pending message: 1371909198052589800
2025-05-14 01:57:22 | INFO     | cogs.dsm:send_initial_task_embeds:903 - [DEBUG] Sent new pending message: 1371909202166939719
2025-05-14 01:57:22 | INFO     | services.firebase_service:update_config:123 - Updated config for guild 1365369294623608882
2025-05-14 01:57:22 | INFO     | cogs.dsm:save_dsm_message:553 - [DEBUG] Saved DSM message data to config: {'completed_messages': [1371909194910928998], 'pending_messages': [1371909198052589800, 1371909202166939719]}
2025-05-14 01:57:22 | INFO     | cogs.dsm:send_initial_task_embeds:911 - [DEBUG] Saved message IDs: {'completed_messages': [1371909194910928998], 'pending_messages': [1371909198052589800, 1371909202166939719]}
2025-05-14 01:57:22 | INFO     | cogs.dsm:refresh:442 - [DEBUG] Refresh completed for pataponz
2025-05-14 02:02:17 | INFO     | cogs.dsm:cog_unload:492 - DSM cog unloaded
