2025-05-14 00:47:14 | INFO     | __main__:__init__:34 - Bot initialized
2025-05-14 00:47:16 | INFO     | services.firebase_service:initialize:30 - Firebase connection established
2025-05-14 00:47:16 | INFO     | services.firebase_service:__init__:22 - Firebase service initialized
2025-05-14 00:47:16 | INFO     | cogs.dsm:__init__:287 - DSM cog initialized
2025-05-14 00:47:17 | INFO     | __main__:setup_hook:42 - Cogs loaded
2025-05-14 00:47:20 | INFO     | cogs.dsm:before_daily_standup:848 - Daily standup task started
2025-05-14 00:47:20 | INFO     | __main__:on_ready:46 - Logged in as E-Konsulta Internals
2025-05-14 00:47:20 | INFO     | services.firebase_service:load_tasks:116 - Loaded tasks from Firebase
2025-05-14 00:47:20 | INFO     | services.firebase_service:load_dsm_messages:202 - Loaded DSM messages from Firebase
2025-05-14 00:47:20 | INFO     | cogs.dsm:on_ready:324 - Tasks and DSM messages loaded from Firebase
2025-05-14 00:47:21 | INFO     | cogs.dsm:simulate_dsm:1080 - [COMMAND] /simulate_dsm used by pataponz (1048212846720327681) in stimmie's server (1365369294623608882)
2025-05-14 00:47:22 | INFO     | cogs.dsm:simulate_dsm:1118 - [COMMAND] Created DSM thread: DAILY STANDUP MEETING - 2025-05-14 (1371891583913558240)
2025-05-14 00:47:22 | INFO     | services.firebase_service:save_dsm_session:130 - Saved DSM session for guild 1365369294623608882
2025-05-14 00:47:23 | INFO     | cogs.dsm:simulate_dsm:1146 - [COMMAND] Sent opening message to thread 1371891583913558240
2025-05-14 00:47:23 | INFO     | services.firebase_service:load_tasks:116 - Loaded tasks from Firebase
2025-05-14 00:47:23 | INFO     | cogs.dsm:send_initial_task_embeds:541 - [DEBUG] Created embeds with 10 completed and 34 pending tasks
2025-05-14 00:47:23 | INFO     | cogs.dsm:send_initial_task_embeds:545 - [DEBUG] Target channel: 1371891583913558240
2025-05-14 00:47:23 | INFO     | cogs.dsm:send_initial_task_embeds:552 - [DEBUG] Found stored message IDs: {'pending_msg_id': 1371890861255688393, 'completed_msg_id': 1371890859355930646}
2025-05-14 00:47:23 | INFO     | cogs.dsm:send_initial_task_embeds:570 - [DEBUG] Fetching messages from channel/thread: 1371891583913558240
2025-05-14 00:47:23 | INFO     | cogs.dsm:send_initial_task_embeds:575 - [DEBUG] Completed message 1371890859355930646 not found
2025-05-14 00:47:23 | INFO     | cogs.dsm:send_initial_task_embeds:594 - [DEBUG] Messages not found in target channel/thread
2025-05-14 00:47:23 | INFO     | cogs.dsm:send_initial_task_embeds:602 - [DEBUG] Searching target channel history for messages
2025-05-14 00:47:23 | INFO     | cogs.dsm:send_initial_task_embeds:616 - [DEBUG] Searching in channel/thread: 1371891583913558240
2025-05-14 00:47:24 | INFO     | cogs.dsm:send_initial_task_embeds:619 - [DEBUG] Found message with embeds: 1371891590662197358
2025-05-14 00:47:25 | INFO     | services.firebase_service:save_dsm_messages:177 - Saved DSM messages to Firebase
2025-05-14 00:47:25 | INFO     | cogs.dsm:send_initial_task_embeds:656 - [DEBUG] Created new messages 1371891596265521275 and 1371891598530576444
2025-05-14 00:47:29 | INFO     | cogs.dsm:dsm:1872 - [COMMAND] /dsm used by pataponz (1048212846720327681) in stimmie's server (1365369294623608882)
2025-05-14 00:47:31 | INFO     | cogs.dsm:update_task_message:1276 - [DEBUG] Starting update_task_message for channel 1371882451709857843
2025-05-14 00:47:31 | INFO     | cogs.dsm:update_task_message:1291 - [DEBUG] Updating for specific user 1048212846720327681
2025-05-14 00:47:31 | INFO     | cogs.dsm:update_task_message:1303 - [DEBUG] Found 44 tasks for user
2025-05-14 00:47:31 | INFO     | cogs.dsm:update_task_message:1307 - [DEBUG] Created embeds with 10 completed and 34 pending tasks
2025-05-14 00:47:31 | INFO     | cogs.dsm:update_task_message:1311 - [DEBUG] Target channel: 1371882451709857843
2025-05-14 00:47:31 | INFO     | cogs.dsm:update_task_message:1318 - [DEBUG] Found stored message IDs: {'completed_msg_id': 1371891596265521275, 'pending_msg_id': 1371891598530576444}
2025-05-14 00:47:31 | INFO     | cogs.dsm:update_task_message:1322 - [DEBUG] Fetching messages from channel/thread: 1371882451709857843
2025-05-14 00:47:31 | INFO     | cogs.dsm:update_task_message:1327 - [DEBUG] Completed message 1371891596265521275 not found
2025-05-14 00:47:31 | INFO     | cogs.dsm:update_task_message:1346 - [DEBUG] Messages not found in target channel/thread
2025-05-14 00:47:31 | INFO     | cogs.dsm:update_task_message:1354 - [DEBUG] Searching target channel history for messages
2025-05-14 00:47:31 | INFO     | cogs.dsm:update_task_message:1355 - [DEBUG] Searching in channel/thread: 1371882451709857843
2025-05-14 00:47:32 | INFO     | cogs.dsm:update_task_message:1358 - [DEBUG] Found message with embeds: 1371882465886732359
2025-05-14 00:47:32 | INFO     | cogs.dsm:update_task_message:1358 - [DEBUG] Found message with embeds: 1371882463869014158
2025-05-14 00:47:32 | INFO     | cogs.dsm:update_task_message:1360 - [DEBUG] Found completed tasks message: 1371882463869014158
2025-05-14 00:47:32 | ERROR    | cogs.dsm:update_task_message:1371 - [DEBUG] Error fetching next message: 404 Not Found (error code: 10008): Unknown Message
2025-05-14 00:47:32 | INFO     | cogs.dsm:update_task_message:1358 - [DEBUG] Found message with embeds: 1371882456541696023
2025-05-14 00:47:38 | INFO     | cogs.dsm:_add_task:885 - [DEBUG] Starting task addition for user 1048212846720327681 (pataponz)
2025-05-14 00:47:38 | INFO     | cogs.dsm:_add_task:893 - [DEBUG] Generated task ID: ssbh
2025-05-14 00:47:38 | INFO     | cogs.dsm:_add_task:902 - [DEBUG] Added task to user's task list
2025-05-14 00:47:38 | DEBUG    | services.firebase_service:save_user:59 - Saved user data for pataponz
2025-05-14 00:47:38 | INFO     | cogs.dsm:_add_task:915 - [DEBUG] Updated user data in Firebase
2025-05-14 00:47:38 | INFO     | services.firebase_service:save_tasks:95 - Saved tasks to Firebase
2025-05-14 00:47:38 | INFO     | cogs.dsm:_add_task:919 - [DEBUG] Saved tasks to Firebase
2025-05-14 00:47:38 | INFO     | cogs.dsm:_add_task:925 - [DEBUG] Searching for DSM thread for date 2025-05-14
2025-05-14 00:47:39 | INFO     | cogs.dsm:_add_task:937 - [DEBUG] Found active thread: 1371882451709857843
2025-05-14 00:47:39 | INFO     | cogs.dsm:_add_task:942 - [DEBUG] Updating messages in thread 1371882451709857843
2025-05-14 00:47:39 | INFO     | cogs.dsm:update_task_message:1276 - [DEBUG] Starting update_task_message for channel 1371882451709857843
2025-05-14 00:47:39 | INFO     | cogs.dsm:update_task_message:1291 - [DEBUG] Updating for specific user 1048212846720327681
2025-05-14 00:47:39 | INFO     | cogs.dsm:update_task_message:1303 - [DEBUG] Found 45 tasks for user
2025-05-14 00:47:39 | INFO     | cogs.dsm:update_task_message:1307 - [DEBUG] Created embeds with 10 completed and 35 pending tasks
2025-05-14 00:47:39 | INFO     | cogs.dsm:update_task_message:1311 - [DEBUG] Target channel: 1371882451709857843
2025-05-14 00:47:39 | INFO     | cogs.dsm:update_task_message:1318 - [DEBUG] Found stored message IDs: {'completed_msg_id': 1371891596265521275, 'pending_msg_id': 1371891598530576444}
2025-05-14 00:47:39 | INFO     | cogs.dsm:update_task_message:1322 - [DEBUG] Fetching messages from channel/thread: 1371882451709857843
2025-05-14 00:47:39 | INFO     | cogs.dsm:update_task_message:1327 - [DEBUG] Completed message 1371891596265521275 not found
2025-05-14 00:47:39 | INFO     | cogs.dsm:update_task_message:1346 - [DEBUG] Messages not found in target channel/thread
2025-05-14 00:47:39 | INFO     | cogs.dsm:update_task_message:1354 - [DEBUG] Searching target channel history for messages
2025-05-14 00:47:39 | INFO     | cogs.dsm:update_task_message:1355 - [DEBUG] Searching in channel/thread: 1371882451709857843
2025-05-14 00:47:39 | INFO     | cogs.dsm:update_task_message:1358 - [DEBUG] Found message with embeds: 1371882465886732359
2025-05-14 00:47:39 | INFO     | cogs.dsm:update_task_message:1358 - [DEBUG] Found message with embeds: 1371882463869014158
2025-05-14 00:47:39 | INFO     | cogs.dsm:update_task_message:1360 - [DEBUG] Found completed tasks message: 1371882463869014158
2025-05-14 00:47:40 | ERROR    | cogs.dsm:update_task_message:1371 - [DEBUG] Error fetching next message: 404 Not Found (error code: 10008): Unknown Message
2025-05-14 00:47:40 | INFO     | cogs.dsm:update_task_message:1358 - [DEBUG] Found message with embeds: 1371882456541696023
2025-05-14 00:47:40 | INFO     | cogs.dsm:_add_task:948 - [DEBUG] Task addition completed for pataponz
2025-05-14 00:50:05 | INFO     | cogs.dsm:cog_unload:317 - DSM cog unloaded
