2025-05-14 02:15:36 | INFO     | __main__:__init__:34 - Bot initialized
2025-05-14 02:15:41 | INFO     | services.firebase_service:initialize:30 - Firebase connection established
2025-05-14 02:15:41 | INFO     | services.firebase_service:__init__:22 - Firebase service initialized
2025-05-14 02:15:41 | INFO     | cogs.dsm:__init__:462 - DSM cog initialized
2025-05-14 02:15:41 | INFO     | __main__:setup_hook:42 - Cogs loaded
2025-05-14 02:15:44 | INFO     | cogs.dsm:before_daily_standup:1059 - Daily standup task started
2025-05-14 02:15:44 | INFO     | __main__:on_ready:46 - Logged in as E-Konsulta Internals
2025-05-14 02:15:44 | INFO     | services.firebase_service:get_config:42 - Creating default config for guild 998850525174972486
2025-05-14 02:15:45 | INFO     | services.firebase_service:load_tasks:123 - Loaded tasks from Firebase
2025-05-14 02:15:45 | INFO     | cogs.dsm:on_ready:500 - Tasks loaded from Firebase
2025-05-14 02:15:45 | INFO     | cogs.dsm:on_ready:507 - Loaded DSM messages for guild 998850525174972486
2025-05-14 02:15:45 | INFO     | cogs.dsm:on_ready:507 - Loaded DSM messages for guild 1365369294623608882
2025-05-14 02:15:45 | INFO     | cogs.dsm:on_ready:509 - DSM messages loaded from config
2025-05-14 02:16:02 | INFO     | cogs.dsm:simulate_dsm:1291 - [COMMAND] /simulate_dsm used by pataponz (1048212846720327681) in stimmie's server (1365369294623608882)
2025-05-14 02:16:04 | INFO     | cogs.dsm:simulate_dsm:1329 - [COMMAND] Created DSM thread: DAILY STANDUP MEETING - 2025-05-14 (1371913905026109440)
2025-05-14 02:16:04 | INFO     | services.firebase_service:save_dsm_session:147 - Saved DSM session for guild 1365369294623608882
2025-05-14 02:16:04 | INFO     | cogs.dsm:simulate_dsm:1357 - [COMMAND] Sent opening message to thread 1371913905026109440
2025-05-14 02:16:05 | INFO     | services.firebase_service:update_config:140 - Updated config for guild 1365369294623608882
2025-05-14 02:16:05 | INFO     | cogs.dsm:simulate_dsm:1374 - [COMMAND] Updated config with new thread ID and cleared old message IDs
2025-05-14 02:16:05 | INFO     | cogs.dsm:simulate_dsm:1379 - [DEBUG] Sending initial task embeds for user 1048212846720327681
2025-05-14 02:16:05 | INFO     | cogs.dsm:create_task_embeds:803 - [DEBUG] Created 1 completed embeds and 2 pending embeds
2025-05-14 02:16:05 | INFO     | cogs.dsm:send_initial_task_embeds:842 - [DEBUG] Sent completed tasks message: 1371913913527963689
2025-05-14 02:16:05 | INFO     | cogs.dsm:send_initial_task_embeds:849 - [DEBUG] Sent pending tasks message: 1371913915348422757
2025-05-14 02:16:06 | INFO     | cogs.dsm:send_initial_task_embeds:849 - [DEBUG] Sent pending tasks message: 1371913917227470898
2025-05-14 02:16:06 | INFO     | services.firebase_service:update_config:140 - Updated config for guild 1365369294623608882
2025-05-14 02:16:06 | INFO     | cogs.dsm:send_initial_task_embeds:867 - [DEBUG] Saved message IDs to config for user 1048212846720327681
2025-05-14 02:16:16 | INFO     | cogs.dsm:dsm:1995 - [COMMAND] /dsm used by pataponz (1048212846720327681) in stimmie's server (1365369294623608882)
2025-05-14 02:16:17 | INFO     | cogs.dsm:create_task_embeds:803 - [DEBUG] Created 1 completed embeds and 2 pending embeds
2025-05-14 02:16:18 | INFO     | services.firebase_service:get_latest_dsm_message:216 - [DEBUG] Retrieved DSM message IDs for user 1048212846720327681: {'pending_messages': ['1371913915348422757', '1371913917227470898'], 'completed_messages': ['1371913913527963689'], 'last_updated': '2025-05-14T02:16:06.473894'}
2025-05-14 02:16:18 | INFO     | cogs.dsm:update_task_message:1578 - [DEBUG] Found latest message IDs in config: {'pending_messages': ['1371913915348422757', '1371913917227470898'], 'completed_messages': ['1371913913527963689'], 'last_updated': '2025-05-14T02:16:06.473894'}
2025-05-14 02:16:18 | INFO     | cogs.dsm:update_task_message:1624 - [DEBUG] Sent new completed message: 1371913967949054092
2025-05-14 02:16:19 | INFO     | cogs.dsm:update_task_message:1636 - [DEBUG] Sent new pending message: 1371913969710665870
2025-05-14 02:16:19 | INFO     | cogs.dsm:update_task_message:1636 - [DEBUG] Sent new pending message: 1371913971367415831
2025-05-14 02:16:19 | INFO     | services.firebase_service:update_config:140 - Updated config for guild 1365369294623608882
2025-05-14 02:16:19 | INFO     | services.firebase_service:save_dsm_message:199 - [DEBUG] Saved DSM message IDs for user 1048212846720327681 in guild 1365369294623608882: {'completed_messages': ['1371913967949054092'], 'pending_messages': ['1371913969710665870', '1371913971367415831'], 'last_updated': '2025-05-14T02:16:19.455796'}
2025-05-14 02:16:19 | INFO     | cogs.dsm:update_task_message:1643 - [DEBUG] Saved new message IDs to config for user 1048212846720327681
2025-05-14 02:16:23 | INFO     | cogs.dsm:_add_task:1096 - [DEBUG] Starting task addition for user 1048212846720327681 (pataponz)
2025-05-14 02:16:23 | INFO     | cogs.dsm:_add_task:1104 - [DEBUG] Generated task ID: 27tb
2025-05-14 02:16:23 | INFO     | cogs.dsm:_add_task:1113 - [DEBUG] Added task to user's task list
2025-05-14 02:16:23 | DEBUG    | services.firebase_service:save_user:66 - Saved user data for pataponz
2025-05-14 02:16:23 | INFO     | cogs.dsm:_add_task:1126 - [DEBUG] Updated user data in Firebase
2025-05-14 02:16:24 | INFO     | services.firebase_service:save_tasks:102 - Saved tasks to Firebase
2025-05-14 02:16:24 | INFO     | cogs.dsm:_add_task:1130 - [DEBUG] Saved tasks to Firebase
2025-05-14 02:16:24 | INFO     | cogs.dsm:_add_task:1136 - [DEBUG] Searching for DSM thread for date 2025-05-14
2025-05-14 02:16:24 | INFO     | cogs.dsm:_add_task:1148 - [DEBUG] Found active thread: 1371882451709857843
2025-05-14 02:16:24 | INFO     | cogs.dsm:_add_task:1153 - [DEBUG] Updating messages in thread 1371882451709857843
2025-05-14 02:16:24 | INFO     | cogs.dsm:create_task_embeds:803 - [DEBUG] Created 1 completed embeds and 2 pending embeds
2025-05-14 02:16:25 | INFO     | services.firebase_service:get_latest_dsm_message:216 - [DEBUG] Retrieved DSM message IDs for user 1048212846720327681: {'pending_messages': ['1371913969710665870', '1371913971367415831'], 'completed_messages': ['1371913967949054092'], 'last_updated': '2025-05-14T02:16:19.455796'}
2025-05-14 02:16:25 | INFO     | cogs.dsm:update_task_message:1578 - [DEBUG] Found latest message IDs in config: {'pending_messages': ['1371913969710665870', '1371913971367415831'], 'completed_messages': ['1371913967949054092'], 'last_updated': '2025-05-14T02:16:19.455796'}
2025-05-14 02:16:25 | INFO     | cogs.dsm:update_task_message:1620 - [DEBUG] Updated completed message 1371913967949054092
2025-05-14 02:16:25 | INFO     | cogs.dsm:update_task_message:1632 - [DEBUG] Updated pending message 1371913969710665870
2025-05-14 02:16:27 | INFO     | cogs.dsm:update_task_message:1632 - [DEBUG] Updated pending message 1371913971367415831
2025-05-14 02:16:28 | INFO     | services.firebase_service:update_config:140 - Updated config for guild 1365369294623608882
2025-05-14 02:16:28 | INFO     | services.firebase_service:save_dsm_message:199 - [DEBUG] Saved DSM message IDs for user 1048212846720327681 in guild 1365369294623608882: {'completed_messages': ['1371913967949054092'], 'pending_messages': ['1371913969710665870', '1371913971367415831'], 'last_updated': '2025-05-14T02:16:27.954071'}
2025-05-14 02:16:28 | INFO     | cogs.dsm:update_task_message:1643 - [DEBUG] Saved new message IDs to config for user 1048212846720327681
2025-05-14 02:16:28 | INFO     | cogs.dsm:_add_task:1159 - [DEBUG] Task addition completed for pataponz
2025-05-14 02:18:24 | INFO     | cogs.dsm:refresh:382 - [DEBUG] Starting refresh for user 1048212846720327681 (pataponz)
2025-05-14 02:18:24 | INFO     | cogs.dsm:refresh:393 - [DEBUG] Searching for DSM thread for date 2025-05-14
2025-05-14 02:18:24 | INFO     | cogs.dsm:refresh:405 - [DEBUG] Found active thread: 1371882451709857843
2025-05-14 02:18:24 | INFO     | cogs.dsm:refresh:410 - [DEBUG] Deleting and resending messages in thread 1371882451709857843
2025-05-14 02:18:25 | INFO     | cogs.dsm:refresh:419 - [DEBUG] Deleted message 1371913967949054092
2025-05-14 02:18:26 | INFO     | cogs.dsm:refresh:419 - [DEBUG] Deleted message 1371913969710665870
2025-05-14 02:18:27 | INFO     | cogs.dsm:refresh:419 - [DEBUG] Deleted message 1371913971367415831
2025-05-14 02:18:27 | INFO     | cogs.dsm:create_task_embeds:803 - [DEBUG] Created 1 completed embeds and 2 pending embeds
2025-05-14 02:18:27 | INFO     | cogs.dsm:send_initial_task_embeds:842 - [DEBUG] Sent completed tasks message: 1371914509865713684
2025-05-14 02:18:28 | INFO     | cogs.dsm:send_initial_task_embeds:849 - [DEBUG] Sent pending tasks message: 1371914512004808726
2025-05-14 02:18:28 | INFO     | cogs.dsm:send_initial_task_embeds:849 - [DEBUG] Sent pending tasks message: 1371914513556832387
2025-05-14 02:18:28 | INFO     | services.firebase_service:update_config:140 - Updated config for guild 1365369294623608882
2025-05-14 02:18:28 | INFO     | cogs.dsm:send_initial_task_embeds:867 - [DEBUG] Saved message IDs to config for user 1048212846720327681
2025-05-14 02:18:28 | INFO     | cogs.dsm:refresh:442 - [DEBUG] Refresh completed for pataponz
2025-05-14 02:19:18 | INFO     | cogs.dsm:cog_unload:492 - DSM cog unloaded
