2025-05-14 05:14:03 | INFO     | __main__:__init__:34 - Bot initialized
2025-05-14 05:14:06 | INFO     | services.firebase_service:initialize:30 - Firebase connection established
2025-05-14 05:14:06 | INFO     | services.firebase_service:__init__:22 - Firebase service initialized
2025-05-14 05:14:06 | INFO     | cogs.dsm:__init__:463 - DSM cog initialized
2025-05-14 05:14:06 | INFO     | __main__:setup_hook:42 - Cogs loaded
2025-05-14 05:14:09 | INFO     | cogs.dsm:before_daily_standup:1160 - Daily standup task will start in 50.35 seconds
2025-05-14 05:14:09 | INFO     | __main__:on_ready:46 - Logged in as E-Konsulta Internals - Testing
2025-05-14 05:14:10 | INFO     | services.firebase_service:load_tasks:123 - Loaded tasks from Firebase
2025-05-14 05:14:10 | INFO     | cogs.dsm:on_ready:2686 - Tasks loaded from Firebase
2025-05-14 05:14:10 | INFO     | cogs.dsm:on_ready:2693 - Loaded DSM messages for guild 1365369294623608882
2025-05-14 05:14:10 | INFO     | cogs.dsm:on_ready:2702 - DSM messages loaded from config
2025-05-14 05:14:26 | INFO     | cogs.dsm:simulate_dsm:2713 - Manual DSM triggered by pataponz in Testing Server
2025-05-14 05:14:27 | INFO     | cogs.dsm:simulate_dsm:2736 - Archived previous DSM thread: Daily Standup Meeting for May 14, 2025
2025-05-14 05:14:30 | INFO     | cogs.dsm:simulate_dsm:2884 - Sent task status for user stimmie
2025-05-14 05:14:30 | INFO     | services.firebase_service:update_config:140 - Updated config for guild 1365369294623608882
2025-05-14 05:14:31 | INFO     | cogs.dsm:simulate_dsm:2907 - Manual DSM thread created: DAILY STANDUP MEETING - 2025-05-13 (ID: 1371958805382041730)
2025-05-14 05:15:00 | INFO     | cogs.dsm:before_daily_standup:1162 - Daily standup task started
2025-05-14 05:15:00 | INFO     | cogs.dsm:daily_standup:921 - Target time 2025-05-13 03:45:00+00:00 has passed for guild 1365369294623608882, skipping DSM
2025-05-14 05:15:02 | INFO     | services.firebase_service:update_config:140 - Updated config for guild 1365369294623608882
2025-05-14 05:15:02 | INFO     | cogs.dsm:configure:1445 - Updated config for guild 1365369294623608882: {'standup_hour': 5}
2025-05-14 05:15:16 | INFO     | services.firebase_service:update_config:140 - Updated config for guild 1365369294623608882
2025-05-14 05:15:16 | INFO     | cogs.dsm:configure:1445 - Updated config for guild 1365369294623608882: {'standup_minute': 16}
2025-05-14 05:15:55 | INFO     | services.firebase_service:update_config:140 - Updated config for guild 1365369294623608882
2025-05-14 05:15:55 | INFO     | cogs.dsm:configure:1445 - Updated config for guild 1365369294623608882: {'timezone': 'Asia/Manila'}
2025-05-14 05:19:26 | INFO     | cogs.dsm:cog_unload:493 - DSM cog unloaded
