2025-05-13 23:13:39 | INFO     | __main__:__init__:34 - Bot initialized
2025-05-13 23:13:41 | INFO     | services.firebase_service:initialize:30 - Firebase connection established
2025-05-13 23:13:41 | INFO     | services.firebase_service:__init__:22 - Firebase service initialized
2025-05-13 23:13:41 | INFO     | cogs.dsm:__init__:145 - DSM cog initialized
2025-05-13 23:13:42 | INFO     | __main__:setup_hook:42 - Cogs loaded
2025-05-13 23:13:45 | INFO     | cogs.dsm:before_daily_standup:509 - Daily standup task started
2025-05-13 23:13:45 | INFO     | __main__:on_ready:46 - Logged in as E-Konsulta Internals
2025-05-13 23:13:45 | INFO     | services.firebase_service:load_tasks:116 - Loaded tasks from Firebase
2025-05-13 23:13:46 | INFO     | cogs.dsm:on_ready:177 - Tasks and DSM messages loaded from Firebase
2025-05-13 23:13:50 | INFO     | cogs.dsm:simulate_dsm:763 - Manually created standup thread: DAILY STANDUP MEETING - 2025-05-13
2025-05-13 23:13:50 | INFO     | services.firebase_service:save_dsm_session:130 - Saved DSM session for guild 1365369294623608882
2025-05-13 23:13:50 | INFO     | cogs.dsm:simulate_dsm:791 - Sent opening message to thread
2025-05-13 23:13:51 | INFO     | services.firebase_service:load_tasks:116 - Loaded tasks from Firebase
2025-05-13 23:13:51 | INFO     | services.firebase_service:save_dsm_messages:177 - Saved DSM messages to Firebase
2025-05-13 23:13:51 | INFO     | cogs.dsm:send_initial_task_embeds:317 - Sent initial task embeds in thread DAILY STANDUP MEETING - 2025-05-13
2025-05-13 23:14:02 | DEBUG    | services.firebase_service:save_user:59 - Saved user data for pataponz
2025-05-13 23:14:02 | INFO     | services.firebase_service:save_tasks:95 - Saved tasks to Firebase
2025-05-13 23:14:03 | WARNING  | cogs.dsm:update_task_message:974 - Could not update message for stimmie: 404 Not Found (error code: 10008): Unknown Message
2025-05-13 23:14:03 | INFO     | services.firebase_service:save_dsm_messages:177 - Saved DSM messages to Firebase
2025-05-13 23:14:03 | INFO     | cogs.dsm:update_task_message:978 - Created new task message for stimmie
2025-05-13 23:14:03 | INFO     | cogs.dsm:_add_task:593 - Added task sdqgje for pataponz: Do running
2025-05-13 23:15:28 | INFO     | cogs.dsm:cog_unload:170 - DSM cog unloaded
