2025-05-14 00:10:41 | INFO     | __main__:__init__:34 - Bot initialized
2025-05-14 00:10:43 | INFO     | services.firebase_service:initialize:30 - Firebase connection established
2025-05-14 00:10:43 | INFO     | services.firebase_service:__init__:22 - Firebase service initialized
2025-05-14 00:10:43 | INFO     | cogs.dsm:__init__:270 - DSM cog initialized
2025-05-14 00:10:44 | INFO     | __main__:setup_hook:42 - Cogs loaded
2025-05-14 00:10:47 | INFO     | cogs.dsm:before_daily_standup:761 - Daily standup task started
2025-05-14 00:10:47 | INFO     | __main__:on_ready:46 - Logged in as E-Konsulta Internals
2025-05-14 00:10:47 | INFO     | services.firebase_service:load_tasks:116 - Loaded tasks from Firebase
2025-05-14 00:10:48 | INFO     | services.firebase_service:load_dsm_messages:202 - Loaded DSM messages from Firebase
2025-05-14 00:10:48 | INFO     | cogs.dsm:on_ready:307 - Tasks and DSM messages loaded from Firebase
2025-05-14 00:11:03 | INFO     | cogs.dsm:simulate_dsm:994 - [COMMAND] /simulate_dsm used by pataponz (1048212846720327681) in stimmie's server (1365369294623608882)
2025-05-14 00:11:05 | INFO     | cogs.dsm:simulate_dsm:1032 - [COMMAND] Created DSM thread: DAILY STANDUP MEETING - 2025-05-14 (1371882451709857843)
2025-05-14 00:11:05 | INFO     | services.firebase_service:save_dsm_session:130 - Saved DSM session for guild 1365369294623608882
2025-05-14 00:11:05 | INFO     | cogs.dsm:simulate_dsm:1060 - [COMMAND] Sent opening message to thread 1371882451709857843
2025-05-14 00:11:06 | INFO     | services.firebase_service:load_tasks:116 - Loaded tasks from Firebase
2025-05-14 00:11:06 | INFO     | cogs.dsm:send_initial_task_embeds:507 - [DEBUG] Created embeds with 9 completed and 24 pending tasks
2025-05-14 00:11:06 | INFO     | cogs.dsm:send_initial_task_embeds:511 - [DEBUG] Target channel: 1371882451709857843
2025-05-14 00:11:06 | INFO     | cogs.dsm:send_initial_task_embeds:518 - [DEBUG] Found stored message ID: 1371881863052001314
2025-05-14 00:11:06 | INFO     | cogs.dsm:send_initial_task_embeds:527 - [DEBUG] Messages not found in target channel
2025-05-14 00:11:06 | INFO     | cogs.dsm:send_initial_task_embeds:533 - [DEBUG] Searching target channel history for messages
2025-05-14 00:11:08 | INFO     | services.firebase_service:save_dsm_messages:177 - Saved DSM messages to Firebase
2025-05-14 00:11:08 | INFO     | cogs.dsm:send_initial_task_embeds:569 - [DEBUG] Created new messages 1371882463869014158 and 1371882465886732359
2025-05-14 00:11:18 | INFO     | cogs.dsm:dsm:1652 - [COMMAND] /dsm used by pataponz (1048212846720327681) in stimmie's server (1365369294623608882)
2025-05-14 00:11:19 | INFO     | cogs.dsm:update_task_message:1148 - [DEBUG] Starting update_task_message for channel 1371882451709857843
2025-05-14 00:11:19 | INFO     | cogs.dsm:update_task_message:1171 - [DEBUG] Updating for specific user 1048212846720327681
2025-05-14 00:11:19 | INFO     | cogs.dsm:update_task_message:1183 - [DEBUG] Found 33 tasks for user
2025-05-14 00:11:19 | INFO     | cogs.dsm:update_task_message:1301 - [DEBUG] Created embeds with 9 completed and 24 pending tasks
2025-05-14 00:11:19 | INFO     | cogs.dsm:update_task_message:1305 - [DEBUG] Target channel: 1371882451709857843
2025-05-14 00:11:19 | INFO     | cogs.dsm:update_task_message:1312 - [DEBUG] Found stored message ID: 1371882463869014158
2025-05-14 00:11:20 | INFO     | cogs.dsm:update_task_message:1321 - [DEBUG] Messages not found in target channel
2025-05-14 00:11:20 | INFO     | cogs.dsm:update_task_message:1327 - [DEBUG] Searching target channel history for messages
2025-05-14 00:11:28 | INFO     | cogs.dsm:_add_task:798 - [DEBUG] Starting task addition for user 1048212846720327681 (pataponz)
2025-05-14 00:11:28 | INFO     | cogs.dsm:_add_task:806 - [DEBUG] Generated task ID: 30h9
2025-05-14 00:11:28 | ERROR    | cogs.dsm:_add_task:866 - [DEBUG] Error in _add_task: Task.__init__() got an unexpected keyword argument 'created_at'
2025-05-14 00:12:27 | INFO     | cogs.dsm:cog_unload:300 - DSM cog unloaded
